2020-11-07 23:43:05 INFO  LockFillThread:30 - Changed cell[0][0] with integer 0
2020-11-07 23:43:05 INFO  LockFillThread:30 - Changed cell[1][1] with integer 0
2020-11-07 23:43:05 INFO  LockFillThread:30 - Changed cell[2][2] with integer 0
2020-11-07 23:43:05 INFO  LockFillThread:30 - Changed cell[3][3] with integer 0
2020-11-07 23:43:05 INFO  LockFillThread:30 - Changed cell[4][4] with integer 0
2020-11-07 23:43:36 INFO  LockFillThread:30 - Changed cell[0][0] with integer 1
2020-11-07 23:43:36 INFO  LockFillThread:30 - Changed cell[1][1] with integer 1
2020-11-07 23:43:36 INFO  LockFillThread:30 - Changed cell[2][2] with integer 1
2020-11-07 23:43:37 INFO  LockFillThread:30 - Changed cell[3][3] with integer 1
2020-11-07 23:43:37 INFO  LockFillThread:30 - Changed cell[4][4] with integer 1
2020-11-07 23:44:33 INFO  LockFillThread:30 - Changed cell[0][0] with integer 2
2020-11-07 23:44:33 INFO  LockFillThread:30 - Changed cell[1][1] with integer 2
2020-11-07 23:44:33 INFO  LockFillThread:30 - Changed cell[2][2] with integer 1
2020-11-07 23:44:33 INFO  LockFillThread:30 - Changed cell[3][3] with integer 2
2020-11-07 23:44:33 INFO  LockFillThread:30 - Changed cell[4][4] with integer 1
2020-11-07 23:45:58 INFO  LockFillThread:30 - Changed cell[0][0] with integer 1
2020-11-07 23:45:58 INFO  LockFillThread:30 - Changed cell[1][1] with integer 5
2020-11-07 23:45:58 INFO  LockFillThread:30 - Changed cell[2][2] with integer 2
2020-11-07 23:45:58 INFO  LockFillThread:30 - Changed cell[3][3] with integer 3
2020-11-07 23:45:58 INFO  LockFillThread:30 - Changed cell[4][4] with integer 3
2020-11-07 23:45:59 INFO  LockFillThread:30 - Changed cell[5][5] with integer 4
2020-11-07 23:45:59 INFO  LockFillThread:30 - Changed cell[6][6] with integer 5
2020-11-07 23:45:59 INFO  LockFillThread:30 - Changed cell[7][7] with integer 5
2020-11-07 23:45:59 INFO  LockFillThread:30 - Changed cell[8][8] with integer 4
2020-11-07 23:45:59 INFO  LockFillThread:30 - Changed cell[9][9] with integer 2
2020-11-07 23:45:59 INFO  LockFillThread:30 - Changed cell[10][10] with integer 5
2020-11-07 23:45:59 INFO  LockFillThread:30 - Changed cell[11][11] with integer 5
2020-11-07 23:45:59 INFO  LockFillThread:30 - Changed cell[12][12] with integer 5
2020-11-07 23:45:59 INFO  LockFillThread:30 - Changed cell[13][13] with integer 5
2020-11-07 23:45:59 INFO  LockFillThread:30 - Changed cell[14][14] with integer 4
2020-11-07 23:46:47 INFO  LockFillThread:30 - Changed cell[0][0] with integer 2
2020-11-07 23:46:47 INFO  LockFillThread:30 - Changed cell[0][0] with integer 1
2020-11-07 23:46:47 INFO  LockFillThread:30 - Changed cell[1][1] with integer 3
2020-11-07 23:46:47 INFO  LockFillThread:30 - Changed cell[1][1] with integer 5
2020-11-07 23:46:47 INFO  LockFillThread:30 - Changed cell[1][1] with integer 4
2020-11-07 23:46:48 INFO  LockFillThread:30 - Changed cell[2][2] with integer 3
2020-11-07 23:46:48 INFO  LockFillThread:30 - Changed cell[3][3] with integer 4
2020-11-07 23:46:48 INFO  LockFillThread:30 - Changed cell[4][4] with integer 4
2020-11-07 23:46:48 INFO  LockFillThread:30 - Changed cell[5][5] with integer 3
2020-11-07 23:46:48 INFO  LockFillThread:30 - Changed cell[5][5] with integer 5
2020-11-07 23:46:48 INFO  LockFillThread:30 - Changed cell[6][6] with integer 5
2020-11-07 23:46:48 INFO  LockFillThread:30 - Changed cell[7][7] with integer 3
2020-11-07 23:46:48 INFO  LockFillThread:30 - Changed cell[8][8] with integer 5
2020-11-07 23:46:48 INFO  LockFillThread:30 - Changed cell[8][8] with integer 3
2020-11-07 23:46:48 INFO  LockFillThread:30 - Changed cell[9][9] with integer 5
2020-11-07 23:46:48 INFO  LockFillThread:30 - Changed cell[10][10] with integer 5
2020-11-07 23:46:48 INFO  LockFillThread:30 - Changed cell[11][11] with integer 4
2020-11-07 23:46:49 INFO  LockFillThread:30 - Changed cell[12][12] with integer 3
2020-11-07 23:46:49 INFO  LockFillThread:30 - Changed cell[13][13] with integer 4
2020-11-07 23:46:49 INFO  LockFillThread:30 - Changed cell[14][14] with integer 3
2020-11-08 11:49:35 INFO  StateLockThread:24 - Changed cell[0][0] with integer 1
2020-11-08 11:49:35 INFO  StateLockThread:24 - Changed cell[1][1] with integer 1
2020-11-08 11:49:35 INFO  StateLockThread:24 - Changed cell[2][2] with integer 1
2020-11-08 11:49:35 INFO  StateLockThread:24 - Changed cell[3][3] with integer 1
2020-11-08 11:49:35 INFO  StateLockThread:24 - Changed cell[4][4] with integer 1
2020-11-08 11:49:36 INFO  StateLockThread:24 - Changed cell[5][5] with integer 1
2020-11-08 11:49:36 INFO  StateLockThread:24 - Changed cell[6][6] with integer 1
2020-11-08 11:49:36 INFO  StateLockThread:24 - Changed cell[7][7] with integer 1
2020-11-08 11:49:36 INFO  StateLockThread:24 - Changed cell[8][8] with integer 1
2020-11-08 11:49:36 INFO  StateLockThread:24 - Changed cell[9][9] with integer 1
2020-11-08 11:49:36 INFO  StateLockThread:24 - Changed cell[10][10] with integer 1
2020-11-08 11:49:36 INFO  StateLockThread:24 - Changed cell[11][11] with integer 1
2020-11-08 11:49:36 INFO  StateLockThread:24 - Changed cell[12][12] with integer 1
2020-11-08 11:49:36 INFO  StateLockThread:24 - Changed cell[13][13] with integer 1
2020-11-08 11:49:36 INFO  StateLockThread:24 - Changed cell[14][14] with integer 1
2020-11-08 11:50:17 INFO  StateLockThread:24 - Changed cell[0][0] with integer 1
2020-11-08 11:50:17 INFO  StateLockThread:24 - Changed cell[0][0] with integer 2
2020-11-08 11:50:17 INFO  StateLockThread:24 - Changed cell[1][1] with integer 3
2020-11-08 11:50:17 INFO  StateLockThread:24 - Changed cell[1][1] with integer 4
2020-11-08 11:50:17 INFO  StateLockThread:24 - Changed cell[2][2] with integer 3
2020-11-08 11:50:17 INFO  StateLockThread:24 - Changed cell[3][3] with integer 6
2020-11-08 11:50:17 INFO  StateLockThread:24 - Changed cell[4][4] with integer 4
2020-11-08 11:50:17 INFO  StateLockThread:24 - Changed cell[4][4] with integer 5
2020-11-08 11:50:18 INFO  StateLockThread:24 - Changed cell[5][5] with integer 6
2020-11-08 11:50:18 INFO  StateLockThread:24 - Changed cell[6][6] with integer 4
2020-11-08 11:50:18 INFO  StateLockThread:24 - Changed cell[7][7] with integer 6
2020-11-08 11:50:18 INFO  StateLockThread:24 - Changed cell[8][8] with integer 6
2020-11-08 11:50:18 INFO  StateLockThread:24 - Changed cell[9][9] with integer 4
2020-11-08 11:50:18 INFO  StateLockThread:24 - Changed cell[10][10] with integer 4
2020-11-08 11:50:18 INFO  StateLockThread:24 - Changed cell[11][11] with integer 4
2020-11-08 11:50:18 INFO  StateLockThread:24 - Changed cell[11][11] with integer 6
2020-11-08 11:50:18 INFO  StateLockThread:24 - Changed cell[12][12] with integer 5
2020-11-08 11:50:18 INFO  StateLockThread:24 - Changed cell[12][12] with integer 3
2020-11-08 11:50:18 INFO  StateLockThread:24 - Changed cell[13][13] with integer 4
2020-11-08 11:50:19 INFO  StateLockThread:24 - Changed cell[14][14] with integer 5
2020-11-08 11:52:18 INFO  StateLockThread:24 - Changed cell[0][0] with integer 1
2020-11-08 11:52:18 INFO  StateLockThread:24 - Changed cell[1][1] with integer 2
2020-11-08 11:52:18 INFO  StateLockThread:24 - Changed cell[2][2] with integer 3
2020-11-08 11:52:18 INFO  StateLockThread:24 - Changed cell[2][2] with integer 5
2020-11-08 11:52:18 INFO  StateLockThread:24 - Changed cell[3][3] with integer 4
2020-11-08 11:52:18 INFO  StateLockThread:24 - Changed cell[3][3] with integer 6
2020-11-08 11:52:18 INFO  StateLockThread:24 - Changed cell[4][4] with integer 4
2020-11-08 11:52:18 INFO  StateLockThread:24 - Changed cell[5][5] with integer 5
2020-11-08 11:52:18 INFO  StateLockThread:24 - Changed cell[5][5] with integer 6
2020-11-08 11:52:18 INFO  StateLockThread:24 - Changed cell[6][6] with integer 3
2020-11-08 11:52:19 INFO  StateLockThread:24 - Changed cell[7][7] with integer 2
2020-11-08 11:52:19 INFO  StateLockThread:24 - Changed cell[8][8] with integer 3
2020-11-08 11:52:19 INFO  StateLockThread:24 - Changed cell[9][9] with integer 4
2020-11-08 11:52:19 INFO  StateLockThread:24 - Changed cell[10][10] with integer 4
2020-11-08 11:52:19 INFO  StateLockThread:24 - Changed cell[11][11] with integer 3
2020-11-08 11:52:19 INFO  StateLockThread:24 - Changed cell[12][12] with integer 2
2020-11-08 11:52:19 INFO  StateLockThread:24 - Changed cell[13][13] with integer 3
2020-11-08 11:52:19 INFO  StateLockThread:24 - Changed cell[14][14] with integer 4
2020-11-08 11:54:21 INFO  StateLockThread:24 - Changed cell[0][0] with integer 1
2020-11-08 11:54:21 INFO  StateLockThread:24 - Changed cell[1][1] with integer 2
2020-11-08 11:54:21 INFO  StateLockThread:24 - Changed cell[2][2] with integer 2
2020-11-08 11:54:21 INFO  StateLockThread:24 - Changed cell[2][2] with integer 4
2020-11-08 11:54:22 INFO  StateLockThread:24 - Changed cell[3][3] with integer 6
2020-11-08 11:54:22 INFO  StateLockThread:24 - Changed cell[3][3] with integer 5
2020-11-08 11:54:22 INFO  StateLockThread:24 - Changed cell[3][3] with integer 3
2020-11-08 11:54:22 INFO  StateLockThread:24 - Changed cell[4][4] with integer 6
2020-11-08 11:54:22 INFO  StateLockThread:24 - Changed cell[5][5] with integer 3
2020-11-08 11:54:22 INFO  StateLockThread:24 - Changed cell[6][6] with integer 2
2020-11-08 11:54:22 INFO  StateLockThread:24 - Changed cell[6][6] with integer 4
2020-11-08 11:54:22 INFO  StateLockThread:24 - Changed cell[7][7] with integer 3
2020-11-08 11:54:22 INFO  StateLockThread:24 - Changed cell[7][7] with integer 5
2020-11-08 11:54:22 INFO  StateLockThread:24 - Changed cell[8][8] with integer 2
2020-11-08 11:54:22 INFO  StateLockThread:24 - Changed cell[9][9] with integer 2
2020-11-08 11:54:22 INFO  StateLockThread:24 - Changed cell[10][10] with integer 3
2020-11-08 11:54:22 INFO  StateLockThread:24 - Changed cell[10][10] with integer 4
2020-11-08 11:54:22 INFO  StateLockThread:24 - Changed cell[10][10] with integer 5
2020-11-08 11:54:22 INFO  StateLockThread:24 - Changed cell[10][10] with integer 2
2020-11-08 11:54:22 INFO  StateLockThread:24 - Changed cell[11][11] with integer 3
2020-11-08 11:54:22 INFO  StateLockThread:24 - Changed cell[12][12] with integer 3
2020-11-08 11:54:23 INFO  StateLockThread:24 - Changed cell[13][13] with integer 3
2020-11-08 11:54:23 INFO  StateLockThread:24 - Changed cell[13][13] with integer 2
2020-11-08 11:54:23 INFO  StateLockThread:24 - Changed cell[14][14] with integer 6
2020-11-08 11:54:23 INFO  StateLockThread:24 - Changed cell[14][14] with integer 4
2020-11-08 11:56:20 INFO  StateLockThread:24 - Changed cell[0][0] with integer 1
2020-11-08 11:56:20 INFO  StateLockThread:24 - Changed cell[1][1] with integer 2
2020-11-08 11:56:20 INFO  StateLockThread:24 - Changed cell[2][2] with integer 4
2020-11-08 11:56:20 INFO  StateLockThread:24 - Changed cell[3][3] with integer 6
2020-11-08 11:56:20 INFO  StateLockThread:24 - Changed cell[4][4] with integer 2
2020-11-08 11:56:20 INFO  StateLockThread:24 - Changed cell[5][5] with integer 6
2020-11-08 11:56:20 INFO  StateLockThread:24 - Changed cell[6][6] with integer 6
2020-11-08 11:56:20 INFO  StateLockThread:24 - Changed cell[7][7] with integer 5
2020-11-08 11:56:20 INFO  StateLockThread:24 - Changed cell[8][8] with integer 3
2020-11-08 11:56:20 INFO  StateLockThread:24 - Changed cell[9][9] with integer 2
2020-11-08 11:56:21 INFO  StateLockThread:24 - Changed cell[10][10] with integer 6
2020-11-08 11:56:21 INFO  StateLockThread:24 - Changed cell[11][11] with integer 6
2020-11-08 11:56:21 INFO  StateLockThread:24 - Changed cell[12][12] with integer 6
2020-11-08 11:56:21 INFO  StateLockThread:24 - Changed cell[13][13] with integer 6
2020-11-08 11:56:21 INFO  StateLockThread:24 - Changed cell[14][14] with integer 4
2020-11-08 11:56:32 INFO  StateLockThread:24 - Changed cell[0][0] with integer 1
2020-11-08 11:56:32 INFO  StateLockThread:24 - Changed cell[1][1] with integer 2
2020-11-08 11:56:32 INFO  StateLockThread:24 - Changed cell[2][2] with integer 3
2020-11-08 11:56:32 INFO  StateLockThread:24 - Changed cell[3][3] with integer 4
2020-11-08 11:56:32 INFO  StateLockThread:24 - Changed cell[4][4] with integer 6
2020-11-08 11:56:32 INFO  StateLockThread:24 - Changed cell[5][5] with integer 3
2020-11-08 11:56:32 INFO  StateLockThread:24 - Changed cell[6][6] with integer 4
2020-11-08 11:56:32 INFO  StateLockThread:24 - Changed cell[7][7] with integer 4
2020-11-08 11:56:33 INFO  StateLockThread:24 - Changed cell[8][8] with integer 1
2020-11-08 11:56:33 INFO  StateLockThread:24 - Changed cell[9][9] with integer 5
2020-11-08 11:56:33 INFO  StateLockThread:24 - Changed cell[10][10] with integer 1
2020-11-08 11:56:33 INFO  StateLockThread:24 - Changed cell[11][11] with integer 3
2020-11-08 11:56:33 INFO  StateLockThread:24 - Changed cell[12][12] with integer 2
2020-11-08 11:56:33 INFO  StateLockThread:24 - Changed cell[13][13] with integer 1
2020-11-08 11:56:33 INFO  StateLockThread:24 - Changed cell[14][14] with integer 6
2020-11-08 11:56:36 INFO  StateLockThread:24 - Changed cell[0][0] with integer 1
2020-11-08 11:56:36 INFO  StateLockThread:24 - Changed cell[1][1] with integer 2
2020-11-08 11:56:36 INFO  StateLockThread:24 - Changed cell[2][2] with integer 5
2020-11-08 11:56:36 INFO  StateLockThread:24 - Changed cell[3][3] with integer 5
2020-11-08 11:56:36 INFO  StateLockThread:24 - Changed cell[4][4] with integer 6
2020-11-08 11:56:36 INFO  StateLockThread:24 - Changed cell[5][5] with integer 5
2020-11-08 11:56:36 INFO  StateLockThread:24 - Changed cell[6][6] with integer 1
2020-11-08 11:56:36 INFO  StateLockThread:24 - Changed cell[7][7] with integer 4
2020-11-08 11:56:36 INFO  StateLockThread:24 - Changed cell[8][8] with integer 3
2020-11-08 11:56:36 INFO  StateLockThread:24 - Changed cell[9][9] with integer 3
2020-11-08 11:56:37 INFO  StateLockThread:24 - Changed cell[10][10] with integer 6
2020-11-08 11:56:37 INFO  StateLockThread:24 - Changed cell[11][11] with integer 2
2020-11-08 11:56:37 INFO  StateLockThread:24 - Changed cell[12][12] with integer 3
2020-11-08 11:56:37 INFO  StateLockThread:24 - Changed cell[13][13] with integer 6
2020-11-08 11:56:37 INFO  StateLockThread:24 - Changed cell[14][14] with integer 3
2020-11-08 11:56:38 INFO  StateLockThread:24 - Changed cell[0][0] with integer 1
2020-11-08 11:56:38 INFO  StateLockThread:24 - Changed cell[1][1] with integer 1
2020-11-08 11:56:38 INFO  StateLockThread:24 - Changed cell[2][2] with integer 3
2020-11-08 11:56:38 INFO  StateLockThread:24 - Changed cell[3][3] with integer 6
2020-11-08 11:56:38 INFO  StateLockThread:24 - Changed cell[4][4] with integer 6
2020-11-08 11:56:39 INFO  StateLockThread:24 - Changed cell[5][5] with integer 1
2020-11-08 11:56:39 INFO  StateLockThread:24 - Changed cell[6][6] with integer 3
2020-11-08 11:56:39 INFO  StateLockThread:24 - Changed cell[7][7] with integer 1
2020-11-08 11:56:39 INFO  StateLockThread:24 - Changed cell[8][8] with integer 1
2020-11-08 11:56:39 INFO  StateLockThread:24 - Changed cell[9][9] with integer 4
2020-11-08 11:56:39 INFO  StateLockThread:24 - Changed cell[10][10] with integer 3
2020-11-08 11:56:39 INFO  StateLockThread:24 - Changed cell[11][11] with integer 6
2020-11-08 11:56:39 INFO  StateLockThread:24 - Changed cell[12][12] with integer 2
2020-11-08 11:56:39 INFO  StateLockThread:24 - Changed cell[13][13] with integer 6
2020-11-08 11:56:40 INFO  StateLockThread:24 - Changed cell[14][14] with integer 5
2020-11-08 11:56:41 INFO  StateLockThread:24 - Changed cell[0][0] with integer 1
2020-11-08 11:56:41 INFO  StateLockThread:24 - Changed cell[1][1] with integer 6
2020-11-08 11:56:41 INFO  StateLockThread:24 - Changed cell[2][2] with integer 1
2020-11-08 11:56:41 INFO  StateLockThread:24 - Changed cell[3][3] with integer 5
2020-11-08 11:56:41 INFO  StateLockThread:24 - Changed cell[4][4] with integer 4
2020-11-08 11:56:41 INFO  StateLockThread:24 - Changed cell[5][5] with integer 6
2020-11-08 11:56:41 INFO  StateLockThread:24 - Changed cell[6][6] with integer 5
2020-11-08 11:56:41 INFO  StateLockThread:24 - Changed cell[7][7] with integer 2
2020-11-08 11:56:41 INFO  StateLockThread:24 - Changed cell[8][8] with integer 5
2020-11-08 11:56:41 INFO  StateLockThread:24 - Changed cell[9][9] with integer 2
2020-11-08 11:56:42 INFO  StateLockThread:24 - Changed cell[10][10] with integer 3
2020-11-08 11:56:42 INFO  StateLockThread:24 - Changed cell[11][11] with integer 3
2020-11-08 11:56:42 INFO  StateLockThread:24 - Changed cell[12][12] with integer 5
2020-11-08 11:56:42 INFO  StateLockThread:24 - Changed cell[13][13] with integer 3
2020-11-08 11:56:42 INFO  StateLockThread:24 - Changed cell[14][14] with integer 2
2020-11-08 11:56:43 INFO  StateLockThread:24 - Changed cell[0][0] with integer 1
2020-11-08 11:56:43 INFO  StateLockThread:24 - Changed cell[1][1] with integer 1
2020-11-08 11:56:43 INFO  StateLockThread:24 - Changed cell[2][2] with integer 6
2020-11-08 11:56:43 INFO  StateLockThread:24 - Changed cell[3][3] with integer 4
2020-11-08 11:56:43 INFO  StateLockThread:24 - Changed cell[4][4] with integer 1
2020-11-08 11:56:44 INFO  StateLockThread:24 - Changed cell[5][5] with integer 1
2020-11-08 11:56:44 INFO  StateLockThread:24 - Changed cell[6][6] with integer 6
2020-11-08 11:56:44 INFO  StateLockThread:24 - Changed cell[7][7] with integer 1
2020-11-08 11:56:44 INFO  StateLockThread:24 - Changed cell[8][8] with integer 4
2020-11-08 11:56:44 INFO  StateLockThread:24 - Changed cell[9][9] with integer 3
2020-11-08 11:56:44 INFO  StateLockThread:24 - Changed cell[10][10] with integer 2
2020-11-08 11:56:44 INFO  StateLockThread:24 - Changed cell[11][11] with integer 5
2020-11-08 11:56:44 INFO  StateLockThread:24 - Changed cell[12][12] with integer 2
2020-11-08 11:56:44 INFO  StateLockThread:24 - Changed cell[13][13] with integer 5
2020-11-08 11:56:44 INFO  StateLockThread:24 - Changed cell[14][14] with integer 5
2020-11-08 11:56:46 INFO  StateLockThread:24 - Changed cell[0][0] with integer 1
2020-11-08 11:56:46 INFO  StateLockThread:24 - Changed cell[1][1] with integer 3
2020-11-08 11:56:46 INFO  StateLockThread:24 - Changed cell[2][2] with integer 3
2020-11-08 11:56:46 INFO  StateLockThread:24 - Changed cell[3][3] with integer 3
2020-11-08 11:56:46 INFO  StateLockThread:24 - Changed cell[4][4] with integer 6
2020-11-08 11:56:46 INFO  StateLockThread:24 - Changed cell[5][5] with integer 5
2020-11-08 11:56:46 INFO  StateLockThread:24 - Changed cell[6][6] with integer 1
2020-11-08 11:56:46 INFO  StateLockThread:24 - Changed cell[7][7] with integer 4
2020-11-08 11:56:46 INFO  StateLockThread:24 - Changed cell[8][8] with integer 4
2020-11-08 11:56:46 INFO  StateLockThread:24 - Changed cell[9][9] with integer 1
2020-11-08 11:56:47 INFO  StateLockThread:24 - Changed cell[10][10] with integer 1
2020-11-08 11:56:47 INFO  StateLockThread:24 - Changed cell[11][11] with integer 3
2020-11-08 11:56:47 INFO  StateLockThread:24 - Changed cell[12][12] with integer 5
2020-11-08 11:56:47 INFO  StateLockThread:24 - Changed cell[13][13] with integer 2
2020-11-08 11:56:47 INFO  StateLockThread:24 - Changed cell[14][14] with integer 2
2020-11-08 12:03:14 INFO  StateLockThread:24 - Changed cell[0][0] with integer 1
2020-11-08 12:03:14 INFO  StateLockThread:24 - Changed cell[1][1] with integer 5
2020-11-08 12:03:14 INFO  StateLockThread:24 - Changed cell[2][2] with integer 3
2020-11-08 12:03:14 INFO  StateLockThread:24 - Changed cell[3][3] with integer 2
2020-11-08 12:03:14 INFO  StateLockThread:24 - Changed cell[4][4] with integer 4
2020-11-08 12:03:15 INFO  StateLockThread:24 - Changed cell[5][5] with integer 5
2020-11-08 12:03:15 INFO  StateLockThread:24 - Changed cell[6][6] with integer 5
2020-11-08 12:03:15 INFO  StateLockThread:24 - Changed cell[7][7] with integer 2
2020-11-08 12:03:15 INFO  StateLockThread:24 - Changed cell[7][7] with integer 4
2020-11-08 12:03:15 INFO  StateLockThread:24 - Changed cell[7][7] with integer 3
2020-11-08 12:03:15 INFO  StateLockThread:24 - Changed cell[8][8] with integer 6
2020-11-08 12:03:15 INFO  StateLockThread:24 - Changed cell[9][9] with integer 6
2020-11-08 12:03:15 INFO  StateLockThread:24 - Changed cell[10][10] with integer 5
2020-11-08 12:03:15 INFO  StateLockThread:24 - Changed cell[11][11] with integer 6
2020-11-08 12:03:15 INFO  StateLockThread:24 - Changed cell[12][12] with integer 5
2020-11-08 12:03:15 INFO  StateLockThread:24 - Changed cell[13][13] with integer 6
2020-11-08 12:03:15 INFO  StateLockThread:24 - Changed cell[14][14] with integer 5
2020-11-08 12:04:10 INFO  StateLockThread:24 - Changed cell[0][0] with integer 1
2020-11-08 12:04:11 INFO  StateLockThread:24 - Changed cell[1][1] with integer 2
2020-11-08 12:04:12 INFO  StateLockThread:24 - Changed cell[2][2] with integer 3
2020-11-08 12:04:13 INFO  StateLockThread:24 - Changed cell[3][3] with integer 3
2020-11-08 12:04:14 INFO  StateLockThread:24 - Changed cell[4][4] with integer 2
2020-11-08 12:04:15 INFO  StateLockThread:24 - Changed cell[5][5] with integer 2
2020-11-08 12:04:16 INFO  StateLockThread:24 - Changed cell[6][6] with integer 3
2020-11-08 12:04:17 INFO  StateLockThread:24 - Changed cell[7][7] with integer 2
2020-11-08 12:04:18 INFO  StateLockThread:24 - Changed cell[8][8] with integer 3
2020-11-08 12:04:19 INFO  StateLockThread:24 - Changed cell[9][9] with integer 3
2020-11-08 12:04:20 INFO  StateLockThread:24 - Changed cell[10][10] with integer 3
2020-11-08 12:04:21 INFO  StateLockThread:24 - Changed cell[11][11] with integer 6
2020-11-08 12:04:22 INFO  StateLockThread:24 - Changed cell[12][12] with integer 4
2020-11-08 12:04:23 INFO  StateLockThread:24 - Changed cell[13][13] with integer 3
2020-11-08 12:04:24 INFO  StateLockThread:24 - Changed cell[14][14] with integer 4
2020-11-08 12:07:09 INFO  StateLockThread:24 - Changed cell[0][0] with integer 1
2020-11-08 12:07:10 INFO  StateLockThread:24 - Changed cell[1][1] with integer 4
2020-11-08 12:07:11 INFO  StateLockThread:24 - Changed cell[2][2] with integer 5
2020-11-08 12:07:12 INFO  StateLockThread:24 - Changed cell[3][3] with integer 3
2020-11-08 12:07:13 INFO  StateLockThread:24 - Changed cell[4][4] with integer 6
2020-11-08 12:07:14 INFO  StateLockThread:24 - Changed cell[5][5] with integer 2
2020-11-08 12:07:17 INFO  StateLockThread:24 - Changed cell[6][6] with integer 2
2020-11-08 12:07:18 INFO  StateLockThread:24 - Changed cell[7][7] with integer 6
2020-11-08 12:07:19 INFO  StateLockThread:24 - Changed cell[8][8] with integer 5
2020-11-08 12:07:20 INFO  StateLockThread:24 - Changed cell[9][9] with integer 3
2020-11-08 12:07:21 INFO  StateLockThread:24 - Changed cell[10][10] with integer 4
2020-11-08 12:07:22 INFO  StateLockThread:24 - Changed cell[11][11] with integer 1
2020-11-08 12:07:25 INFO  StateLockThread:24 - Changed cell[12][12] with integer 5
2020-11-08 12:07:26 INFO  StateLockThread:24 - Changed cell[13][13] with integer 4
2020-11-08 12:07:27 INFO  StateLockThread:24 - Changed cell[14][14] with integer 6
2020-11-08 12:08:12 INFO  StateLockThread:24 - Changed cell[3][3] with integer 5
2020-11-08 12:08:12 INFO  StateLockThread:24 - Changed cell[5][5] with integer 2
2020-11-08 12:08:12 INFO  StateLockThread:24 - Changed cell[4][4] with integer 6
2020-11-08 12:08:12 INFO  StateLockThread:24 - Changed cell[2][2] with integer 4
2020-11-08 12:08:12 INFO  StateLockThread:24 - Changed cell[0][0] with integer 1
2020-11-08 12:08:12 INFO  StateLockThread:24 - Changed cell[1][1] with integer 3
2020-11-08 12:08:14 INFO  StateLockThread:24 - Changed cell[6][6] with integer 2
2020-11-08 12:08:14 INFO  StateLockThread:24 - Changed cell[7][7] with integer 6
2020-11-08 12:08:14 INFO  StateLockThread:24 - Changed cell[8][8] with integer 5
2020-11-08 12:08:14 INFO  StateLockThread:24 - Changed cell[9][9] with integer 4
2020-11-08 12:08:14 INFO  StateLockThread:24 - Changed cell[10][10] with integer 3
2020-11-08 12:08:14 INFO  StateLockThread:24 - Changed cell[11][11] with integer 1
2020-11-08 12:08:16 INFO  StateLockThread:24 - Changed cell[12][12] with integer 2
2020-11-08 12:08:16 INFO  StateLockThread:24 - Changed cell[13][13] with integer 5
2020-11-08 12:08:16 INFO  StateLockThread:24 - Changed cell[14][14] with integer 6
2020-11-08 12:09:49 INFO  LockFillThread:35 - Changed cell[0][0] with integer 1
2020-11-08 12:09:51 INFO  LockFillThread:35 - Changed cell[1][1] with integer 1
2020-11-08 12:09:53 INFO  LockFillThread:35 - Changed cell[2][2] with integer 1
2020-11-08 12:09:55 INFO  LockFillThread:35 - Changed cell[3][3] with integer 1
2020-11-08 12:09:57 INFO  LockFillThread:35 - Changed cell[4][4] with integer 1
2020-11-08 12:09:59 INFO  LockFillThread:35 - Changed cell[5][5] with integer 1
2020-11-08 12:10:01 INFO  LockFillThread:35 - Changed cell[6][6] with integer 1
2020-11-08 12:10:03 INFO  LockFillThread:35 - Changed cell[7][7] with integer 1
2020-11-08 12:10:05 INFO  LockFillThread:35 - Changed cell[8][8] with integer 1
2020-11-08 12:10:07 INFO  LockFillThread:35 - Changed cell[9][9] with integer 1
2020-11-08 12:10:09 INFO  LockFillThread:35 - Changed cell[10][10] with integer 1
2020-11-08 12:10:11 INFO  LockFillThread:35 - Changed cell[11][11] with integer 3
2020-11-08 12:10:13 INFO  LockFillThread:35 - Changed cell[12][12] with integer 3
2020-11-08 12:10:15 INFO  LockFillThread:35 - Changed cell[13][13] with integer 3
2020-11-08 12:10:17 INFO  LockFillThread:35 - Changed cell[14][14] with integer 3
2020-11-08 18:59:09 INFO  StateLockThread:24 - Changed cell[3][3] with integer 5
2020-11-08 18:59:09 INFO  StateLockThread:24 - Changed cell[4][4] with integer 3
2020-11-08 18:59:09 INFO  StateLockThread:24 - Changed cell[1][1] with integer 2
2020-11-08 18:59:09 INFO  StateLockThread:24 - Changed cell[2][2] with integer 4
2020-11-08 18:59:09 INFO  StateLockThread:24 - Changed cell[5][5] with integer 3
2020-11-08 18:59:09 INFO  StateLockThread:24 - Changed cell[0][0] with integer 1
2020-11-08 18:59:09 INFO  StateLockThread:24 - Changed cell[6][6] with integer 3
2020-11-08 18:59:09 INFO  StateLockThread:24 - Changed cell[7][7] with integer 3
2020-11-08 18:59:09 INFO  StateLockThread:24 - Changed cell[8][8] with integer 5
2020-11-08 18:59:09 INFO  StateLockThread:24 - Changed cell[9][9] with integer 5
2020-11-08 18:59:09 INFO  StateLockThread:24 - Changed cell[10][10] with integer 5
2020-11-08 18:59:09 INFO  StateLockThread:24 - Changed cell[11][11] with integer 5
2020-11-08 18:59:09 INFO  StateLockThread:24 - Changed cell[12][12] with integer 5
2020-11-08 18:59:09 INFO  StateLockThread:24 - Changed cell[13][13] with integer 5
2020-11-08 18:59:09 INFO  StateLockThread:24 - Changed cell[14][14] with integer 5
2020-11-08 18:59:59 INFO  StateLockThread:24 - Changed cell[0][0] with integer 1
2020-11-08 19:00:00 INFO  StateLockThread:24 - Changed cell[1][1] with integer 1
2020-11-08 19:00:01 INFO  StateLockThread:24 - Changed cell[2][2] with integer 1
2020-11-08 19:00:02 INFO  StateLockThread:24 - Changed cell[3][3] with integer 1
2020-11-08 19:00:03 INFO  StateLockThread:24 - Changed cell[4][4] with integer 2
2020-11-08 19:00:04 INFO  StateLockThread:24 - Changed cell[5][5] with integer 1
2020-11-08 19:00:05 INFO  StateLockThread:24 - Changed cell[6][6] with integer 3
2020-11-08 19:00:05 INFO  StateLockThread:24 - Changed cell[6][6] with integer 2
2020-11-08 19:00:06 INFO  StateLockThread:24 - Changed cell[7][7] with integer 3
2020-11-08 19:00:07 INFO  StateLockThread:24 - Changed cell[8][8] with integer 3
2020-11-08 19:00:08 INFO  StateLockThread:24 - Changed cell[9][9] with integer 3
2020-11-08 19:00:09 INFO  StateLockThread:24 - Changed cell[10][10] with integer 3
2020-11-08 19:00:10 INFO  StateLockThread:24 - Changed cell[11][11] with integer 5
2020-11-08 19:00:11 INFO  StateLockThread:24 - Changed cell[12][12] with integer 4
2020-11-08 19:00:12 INFO  StateLockThread:24 - Changed cell[13][13] with integer 2
2020-11-08 19:00:13 INFO  StateLockThread:24 - Changed cell[14][14] with integer 4
2020-11-08 19:20:17 INFO  ChangeLocaleCommand:32 - Changed to locale RU_RU
2020-11-08 19:20:20 INFO  PreparedThread:33 - Changed cell[1][1] with integer 2
2020-11-08 19:20:20 INFO  PreparedThread:33 - Changed cell[3][3] with integer 4
2020-11-08 19:20:20 INFO  PreparedThread:33 - Changed cell[4][4] with integer 5
2020-11-08 19:20:20 INFO  PreparedThread:33 - Changed cell[2][2] with integer 3
2020-11-08 19:20:20 INFO  PreparedThread:33 - Changed cell[0][0] with integer 1
2020-11-08 19:20:21 INFO  PreparedThread:33 - Changed cell[6][6] with integer 2
2020-11-08 19:20:21 INFO  PreparedThread:33 - Changed cell[8][8] with integer 4
2020-11-08 19:20:21 INFO  PreparedThread:33 - Changed cell[9][9] with integer 5
2020-11-08 19:20:21 INFO  PreparedThread:33 - Changed cell[7][7] with integer 3
2020-11-08 19:20:21 INFO  PreparedThread:33 - Changed cell[5][5] with integer 1
2020-11-08 19:20:22 INFO  PreparedThread:33 - Changed cell[14][14] with integer 5
2020-11-08 19:20:22 INFO  PreparedThread:33 - Changed cell[13][13] with integer 4
2020-11-08 19:20:22 INFO  PreparedThread:33 - Changed cell[12][12] with integer 3
2020-11-08 19:20:22 INFO  PreparedThread:33 - Changed cell[11][11] with integer 2
2020-11-08 19:20:22 INFO  PreparedThread:33 - Changed cell[10][10] with integer 1
2020-11-08 19:40:46 INFO  ArbitrationThread:29 - Changed cell[1][1] with integer 4
2020-11-08 19:40:46 INFO  ArbitrationThread:29 - Changed cell[3][3] with integer 3
2020-11-08 19:40:46 INFO  ArbitrationThread:29 - Changed cell[0][0] with integer 1
2020-11-08 19:40:46 INFO  ArbitrationThread:29 - Changed cell[4][4] with integer 5
2020-11-08 19:40:46 INFO  ArbitrationThread:29 - Changed cell[2][2] with integer 2
2020-11-08 19:40:47 INFO  ArbitrationThread:29 - Changed cell[5][5] with integer 4
2020-11-08 19:40:47 INFO  ArbitrationThread:29 - Changed cell[6][6] with integer 1
2020-11-08 19:40:47 INFO  ArbitrationThread:29 - Changed cell[7][7] with integer 3
2020-11-08 19:40:47 INFO  ArbitrationThread:29 - Changed cell[9][9] with integer 2
2020-11-08 19:40:47 INFO  ArbitrationThread:29 - Changed cell[8][8] with integer 5
2020-11-08 19:40:48 INFO  ArbitrationThread:29 - Changed cell[10][10] with integer 4
2020-11-08 19:40:48 INFO  ArbitrationThread:29 - Changed cell[11][11] with integer 1
2020-11-08 19:40:48 INFO  ArbitrationThread:29 - Changed cell[12][12] with integer 3
2020-11-08 19:40:48 INFO  ArbitrationThread:29 - Changed cell[13][13] with integer 2
2020-11-08 19:40:48 INFO  ArbitrationThread:29 - Changed cell[14][14] with integer 5
2020-11-08 19:41:25 INFO  ArbitrationThread:29 - Changed cell[1][1] with integer 1
2020-11-08 19:41:25 INFO  ArbitrationThread:29 - Changed cell[8][8] with integer 6
2020-11-08 19:41:25 INFO  ArbitrationThread:29 - Changed cell[6][6] with integer 8
2020-11-08 19:41:25 INFO  ArbitrationThread:29 - Changed cell[2][2] with integer 3
2020-11-08 19:41:25 INFO  ArbitrationThread:29 - Changed cell[5][5] with integer 7
2020-11-08 19:41:25 INFO  ArbitrationThread:29 - Changed cell[4][4] with integer 5
2020-11-08 19:41:25 INFO  ArbitrationThread:29 - Changed cell[3][3] with integer 4
2020-11-08 19:41:25 INFO  ArbitrationThread:29 - Changed cell[0][0] with integer 2
2020-11-08 19:41:25 INFO  ArbitrationThread:29 - Changed cell[7][7] with integer 9
2020-11-08 19:41:26 INFO  ArbitrationThread:29 - Changed cell[9][9] with integer 1
2020-11-08 19:41:26 INFO  ArbitrationThread:29 - Changed cell[10][10] with integer 3
2020-11-08 19:41:26 INFO  ArbitrationThread:29 - Changed cell[12][12] with integer 8
2020-11-08 19:41:26 INFO  ArbitrationThread:29 - Changed cell[14][14] with integer 5
2020-11-08 19:41:26 INFO  ArbitrationThread:29 - Changed cell[11][11] with integer 7
2020-11-08 19:41:26 INFO  ArbitrationThread:29 - Changed cell[13][13] with integer 6
2020-11-08 19:51:36 INFO  StateLockThread:24 - Changed cell[4][4] with integer 8
2020-11-08 19:51:36 INFO  StateLockThread:24 - Changed cell[7][7] with integer 4
2020-11-08 19:51:36 INFO  StateLockThread:24 - Changed cell[6][6] with integer 2
2020-11-08 19:51:36 INFO  StateLockThread:24 - Changed cell[1][1] with integer 3
2020-11-08 19:51:36 INFO  StateLockThread:24 - Changed cell[2][2] with integer 6
2020-11-08 19:51:36 INFO  StateLockThread:24 - Changed cell[0][0] with integer 1
2020-11-08 19:51:36 INFO  StateLockThread:24 - Changed cell[5][5] with integer 9
2020-11-08 19:51:36 INFO  StateLockThread:24 - Changed cell[3][3] with integer 7
2020-11-08 19:51:36 INFO  StateLockThread:24 - Changed cell[9][9] with integer 4
2020-11-08 19:51:36 INFO  StateLockThread:24 - Changed cell[8][8] with integer 5
2020-11-08 19:51:36 INFO  StateLockThread:24 - Changed cell[10][10] with integer 2
2020-11-08 19:51:36 INFO  StateLockThread:24 - Changed cell[11][11] with integer 2
2020-11-08 19:51:36 INFO  StateLockThread:24 - Changed cell[12][12] with integer 2
2020-11-08 19:51:36 INFO  StateLockThread:24 - Changed cell[13][13] with integer 2
2020-11-08 19:51:36 INFO  StateLockThread:24 - Changed cell[14][14] with integer 2
2020-11-08 20:07:01 INFO  StateLockThread:25 - Changed cell[1][1] with integer 1
2020-11-08 20:07:01 INFO  StateLockThread:25 - Changed cell[4][4] with integer 5
2020-11-08 20:07:01 INFO  StateLockThread:25 - Changed cell[3][3] with integer 4
2020-11-08 20:07:01 INFO  StateLockThread:25 - Changed cell[2][2] with integer 3
2020-11-08 20:07:01 INFO  StateLockThread:25 - Changed cell[5][5] with integer 7
2020-11-08 20:07:01 INFO  StateLockThread:25 - Changed cell[0][0] with integer 2
2020-11-08 20:07:01 INFO  StateLockThread:25 - Changed cell[6][6] with integer 6
2020-11-08 20:07:01 INFO  StateLockThread:25 - Changed cell[7][7] with integer 8
2020-11-08 20:07:01 INFO  StateLockThread:25 - Changed cell[9][9] with integer 6
2020-11-08 20:07:01 INFO  StateLockThread:25 - Changed cell[8][8] with integer 9
2020-11-08 20:07:01 INFO  StateLockThread:25 - Changed cell[10][10] with integer 5
2020-11-08 20:07:01 INFO  StateLockThread:25 - Changed cell[11][11] with integer 7
2020-11-08 20:07:01 INFO  StateLockThread:25 - Changed cell[12][12] with integer 7
2020-11-08 20:07:01 INFO  StateLockThread:25 - Changed cell[13][13] with integer 5
2020-11-08 20:07:01 INFO  StateLockThread:25 - Changed cell[14][14] with integer 7
2020-11-08 20:09:53 INFO  LockFillThread:33 - Changed cell[0][0] with integer 3
2020-11-08 20:09:54 INFO  LockFillThread:33 - Changed cell[1][1] with integer 4
2020-11-08 20:09:55 INFO  LockFillThread:33 - Changed cell[2][2] with integer 7
2020-11-08 20:09:56 INFO  LockFillThread:33 - Changed cell[3][3] with integer 3
2020-11-08 20:09:57 INFO  LockFillThread:33 - Changed cell[4][4] with integer 9
2020-11-08 20:09:58 INFO  LockFillThread:33 - Changed cell[5][5] with integer 2
2020-11-08 20:09:59 INFO  LockFillThread:33 - Changed cell[6][6] with integer 6
2020-11-08 20:10:00 INFO  LockFillThread:33 - Changed cell[7][7] with integer 6
2020-11-08 20:10:01 INFO  LockFillThread:33 - Changed cell[8][8] with integer 2
2020-11-08 20:10:02 INFO  LockFillThread:33 - Changed cell[9][9] with integer 6
2020-11-08 20:10:03 INFO  LockFillThread:33 - Changed cell[10][10] with integer 2
2020-11-08 20:10:04 INFO  LockFillThread:33 - Changed cell[11][11] with integer 9
2020-11-08 20:10:05 INFO  LockFillThread:33 - Changed cell[12][12] with integer 8
2020-11-08 20:10:06 INFO  LockFillThread:33 - Changed cell[13][13] with integer 5
2020-11-08 20:10:07 INFO  LockFillThread:33 - Changed cell[14][14] with integer 1
2020-11-08 20:10:29 INFO  LockFillThread:33 - Changed cell[0][0] with integer 1
2020-11-08 20:10:30 INFO  LockFillThread:33 - Changed cell[1][1] with integer 8
2020-11-08 20:10:31 INFO  LockFillThread:33 - Changed cell[2][2] with integer 7
2020-11-08 20:10:32 INFO  LockFillThread:33 - Changed cell[3][3] with integer 6
2020-11-08 20:10:33 INFO  LockFillThread:33 - Changed cell[4][4] with integer 7
2020-11-08 20:10:34 INFO  LockFillThread:33 - Changed cell[5][5] with integer 7
2020-11-08 20:10:35 INFO  LockFillThread:33 - Changed cell[6][6] with integer 7
2020-11-08 20:10:36 INFO  LockFillThread:33 - Changed cell[7][7] with integer 7
2020-11-08 20:10:37 INFO  LockFillThread:33 - Changed cell[8][8] with integer 8
2020-11-08 20:10:38 INFO  LockFillThread:33 - Changed cell[9][9] with integer 4
2020-11-08 20:10:39 INFO  LockFillThread:33 - Changed cell[10][10] with integer 4
2020-11-08 20:10:40 INFO  LockFillThread:33 - Changed cell[11][11] with integer 5
2020-11-08 20:10:41 INFO  LockFillThread:33 - Changed cell[12][12] with integer 8
2020-11-08 20:10:42 INFO  LockFillThread:33 - Changed cell[13][13] with integer 2
2020-11-08 20:10:43 INFO  LockFillThread:33 - Changed cell[14][14] with integer 1
2020-11-08 20:11:24 INFO  StateLockThread:24 - Changed cell[0][0] with integer 1
2020-11-08 20:11:24 INFO  StateLockThread:24 - Changed cell[3][3] with integer 6
2020-11-08 20:11:24 INFO  StateLockThread:24 - Changed cell[2][2] with integer 4
2020-11-08 20:11:24 INFO  StateLockThread:24 - Changed cell[1][1] with integer 3
2020-11-08 20:11:24 INFO  StateLockThread:24 - Changed cell[4][4] with integer 5
2020-11-08 20:11:24 INFO  StateLockThread:24 - Changed cell[5][5] with integer 5
2020-11-08 20:11:24 INFO  StateLockThread:24 - Changed cell[6][6] with integer 2
2020-11-08 20:11:24 INFO  StateLockThread:24 - Changed cell[7][7] with integer 6
2020-11-08 20:11:24 INFO  StateLockThread:24 - Changed cell[8][8] with integer 7
2020-11-08 20:11:24 INFO  StateLockThread:24 - Changed cell[9][9] with integer 8
2020-11-08 20:11:24 INFO  StateLockThread:24 - Changed cell[10][10] with integer 8
2020-11-08 20:11:24 INFO  StateLockThread:24 - Changed cell[11][11] with integer 9
2020-11-08 20:11:24 INFO  StateLockThread:24 - Changed cell[12][12] with integer 6
2020-11-08 20:11:24 INFO  StateLockThread:24 - Changed cell[13][13] with integer 2
2020-11-08 20:11:24 INFO  StateLockThread:24 - Changed cell[14][14] with integer 7
2020-11-08 20:14:22 INFO  LockFillThread:33 - Changed cell[0][0] with integer 1
2020-11-08 20:14:23 INFO  LockFillThread:33 - Changed cell[1][1] with integer 8
2020-11-08 20:14:24 INFO  LockFillThread:33 - Changed cell[2][2] with integer 1
2020-11-08 20:14:25 INFO  LockFillThread:33 - Changed cell[3][3] with integer 8
2020-11-08 20:14:26 INFO  LockFillThread:33 - Changed cell[4][4] with integer 7
2020-11-08 20:14:27 INFO  LockFillThread:33 - Changed cell[5][5] with integer 5
2020-11-08 20:14:28 INFO  LockFillThread:33 - Changed cell[6][6] with integer 4
2020-11-08 20:14:29 INFO  LockFillThread:33 - Changed cell[7][7] with integer 6
2020-11-08 20:14:30 INFO  LockFillThread:33 - Changed cell[8][8] with integer 6
2020-11-08 20:14:31 INFO  LockFillThread:33 - Changed cell[9][9] with integer 4
2020-11-08 20:14:32 INFO  LockFillThread:33 - Changed cell[10][10] with integer 7
2020-11-08 20:14:33 INFO  LockFillThread:33 - Changed cell[11][11] with integer 2
2020-11-08 20:14:34 INFO  LockFillThread:33 - Changed cell[12][12] with integer 7
2020-11-08 20:14:35 INFO  LockFillThread:33 - Changed cell[13][13] with integer 3
2020-11-08 20:14:36 INFO  LockFillThread:33 - Changed cell[14][14] with integer 3
2020-11-08 20:14:58 INFO  StateLockThread:24 - Changed cell[0][0] with integer 1
2020-11-08 20:14:58 INFO  StateLockThread:24 - Changed cell[2][2] with integer 2
2020-11-08 20:14:58 INFO  StateLockThread:24 - Changed cell[1][1] with integer 4
2020-11-08 20:14:58 INFO  StateLockThread:24 - Changed cell[3][3] with integer 9
2020-11-08 20:14:58 INFO  StateLockThread:24 - Changed cell[4][4] with integer 7
2020-11-08 20:14:58 INFO  StateLockThread:24 - Changed cell[5][5] with integer 5
2020-11-08 20:14:58 INFO  StateLockThread:24 - Changed cell[6][6] with integer 2
2020-11-08 20:14:58 INFO  StateLockThread:24 - Changed cell[7][7] with integer 8
2020-11-08 20:14:58 INFO  StateLockThread:24 - Changed cell[8][8] with integer 9
2020-11-08 20:14:58 INFO  StateLockThread:24 - Changed cell[9][9] with integer 7
2020-11-08 20:14:58 INFO  StateLockThread:24 - Changed cell[10][10] with integer 5
2020-11-08 20:14:58 INFO  StateLockThread:24 - Changed cell[11][11] with integer 5
2020-11-08 20:14:58 INFO  StateLockThread:24 - Changed cell[12][12] with integer 8
2020-11-08 20:14:58 INFO  StateLockThread:24 - Changed cell[13][13] with integer 8
2020-11-08 20:14:58 INFO  StateLockThread:24 - Changed cell[14][14] with integer 4
2020-11-08 20:20:16 INFO  LockFillThread:33 - Changed cell[0][0] with integer 1
2020-11-08 20:20:17 INFO  LockFillThread:33 - Changed cell[1][1] with integer 9
2020-11-08 20:20:18 INFO  LockFillThread:33 - Changed cell[2][2] with integer 4
2020-11-08 20:20:19 INFO  LockFillThread:33 - Changed cell[3][3] with integer 4
2020-11-08 20:20:20 INFO  LockFillThread:33 - Changed cell[4][4] with integer 8
2020-11-08 20:20:21 INFO  LockFillThread:33 - Changed cell[5][5] with integer 6
2020-11-08 20:20:22 INFO  LockFillThread:33 - Changed cell[6][6] with integer 7
2020-11-08 20:20:23 INFO  LockFillThread:33 - Changed cell[7][7] with integer 2
2020-11-08 20:20:24 INFO  LockFillThread:33 - Changed cell[8][8] with integer 3
2020-11-08 20:20:25 INFO  LockFillThread:33 - Changed cell[9][9] with integer 6
2020-11-08 20:20:26 INFO  LockFillThread:33 - Changed cell[10][10] with integer 6
2020-11-08 20:20:27 INFO  LockFillThread:33 - Changed cell[11][11] with integer 2
2020-11-08 20:20:28 INFO  LockFillThread:33 - Changed cell[12][12] with integer 2
2020-11-08 20:20:29 INFO  LockFillThread:33 - Changed cell[13][13] with integer 4
2020-11-08 20:20:30 INFO  LockFillThread:33 - Changed cell[14][14] with integer 3
2020-11-08 20:20:38 INFO  ArbitrationThread:29 - Changed cell[4][4] with integer 6
2020-11-08 20:20:38 INFO  ArbitrationThread:29 - Changed cell[1][1] with integer 2
2020-11-08 20:20:38 INFO  ArbitrationThread:29 - Changed cell[2][2] with integer 3
2020-11-08 20:20:38 INFO  ArbitrationThread:29 - Changed cell[3][3] with integer 4
2020-11-08 20:20:38 INFO  ArbitrationThread:29 - Changed cell[0][0] with integer 1
2020-11-08 20:20:38 INFO  ArbitrationThread:29 - Changed cell[5][5] with integer 7
2020-11-08 20:20:38 INFO  ArbitrationThread:29 - Changed cell[6][6] with integer 8
2020-11-08 20:20:38 INFO  ArbitrationThread:29 - Changed cell[7][7] with integer 5
2020-11-08 20:20:38 INFO  ArbitrationThread:29 - Changed cell[8][8] with integer 9
2020-11-08 20:20:39 INFO  ArbitrationThread:29 - Changed cell[9][9] with integer 6
2020-11-08 20:20:39 INFO  ArbitrationThread:29 - Changed cell[11][11] with integer 3
2020-11-08 20:20:39 INFO  ArbitrationThread:29 - Changed cell[12][12] with integer 2
2020-11-08 20:20:39 INFO  ArbitrationThread:29 - Changed cell[10][10] with integer 4
2020-11-08 20:20:39 INFO  ArbitrationThread:29 - Changed cell[13][13] with integer 7
2020-11-08 20:20:39 INFO  ArbitrationThread:29 - Changed cell[14][14] with integer 1
2020-11-08 20:21:25 INFO  ArbitrationThread:29 - Changed cell[1][1] with integer 2
2020-11-08 20:21:25 INFO  ArbitrationThread:29 - Changed cell[4][4] with integer 5
2020-11-08 20:21:25 INFO  ArbitrationThread:29 - Changed cell[8][8] with integer 9
2020-11-08 20:21:25 INFO  ArbitrationThread:29 - Changed cell[3][3] with integer 4
2020-11-08 20:21:25 INFO  ArbitrationThread:29 - Changed cell[5][5] with integer 6
2020-11-08 20:21:25 INFO  ArbitrationThread:29 - Changed cell[0][0] with integer 1
2020-11-08 20:21:25 INFO  ArbitrationThread:29 - Changed cell[2][2] with integer 3
2020-11-08 20:21:25 INFO  ArbitrationThread:29 - Changed cell[7][7] with integer 8
2020-11-08 20:21:25 INFO  ArbitrationThread:29 - Changed cell[6][6] with integer 7
2020-11-08 20:21:26 INFO  ArbitrationThread:29 - Changed cell[9][9] with integer 5
2020-11-08 20:21:26 INFO  ArbitrationThread:29 - Changed cell[10][10] with integer 2
2020-11-08 20:21:26 INFO  ArbitrationThread:29 - Changed cell[11][11] with integer 4
2020-11-08 20:21:26 INFO  ArbitrationThread:29 - Changed cell[14][14] with integer 1
2020-11-08 20:21:26 INFO  ArbitrationThread:29 - Changed cell[13][13] with integer 9
2020-11-08 20:21:26 INFO  ArbitrationThread:29 - Changed cell[12][12] with integer 6
2020-11-08 20:29:31 INFO  ChangeLocaleCommand:32 - Changed to locale RU_RU
2020-11-08 20:29:43 INFO  StateLockThread:24 - Changed cell[1][1] with integer 2
2020-11-08 20:29:43 INFO  StateLockThread:24 - Changed cell[4][4] with integer 5
2020-11-08 20:29:43 INFO  StateLockThread:24 - Changed cell[3][3] with integer 4
2020-11-08 20:29:43 INFO  StateLockThread:24 - Changed cell[0][0] with integer 1
2020-11-08 20:29:43 INFO  StateLockThread:24 - Changed cell[2][2] with integer 3
2020-11-08 20:29:43 INFO  StateLockThread:24 - Changed cell[5][5] with integer 8
2020-11-08 20:29:43 INFO  StateLockThread:24 - Changed cell[6][6] with integer 7
2020-11-08 20:29:43 INFO  StateLockThread:24 - Changed cell[7][7] with integer 9
2020-11-08 20:29:43 INFO  StateLockThread:24 - Changed cell[8][8] with integer 9
2020-11-08 20:29:43 INFO  StateLockThread:24 - Changed cell[9][9] with integer 5
2020-11-08 20:29:43 INFO  StateLockThread:24 - Changed cell[10][10] with integer 5
2020-11-08 20:29:43 INFO  StateLockThread:24 - Changed cell[11][11] with integer 7
2020-11-08 20:29:43 INFO  StateLockThread:24 - Changed cell[12][12] with integer 7
2020-11-08 20:29:43 INFO  StateLockThread:24 - Changed cell[13][13] with integer 9
2020-11-08 20:29:43 INFO  StateLockThread:24 - Changed cell[14][14] with integer 8
2020-11-08 20:29:55 INFO  ArbitrationThread:29 - Changed cell[8][8] with integer 9
2020-11-08 20:29:55 INFO  ArbitrationThread:29 - Changed cell[5][5] with integer 6
2020-11-08 20:29:55 INFO  ArbitrationThread:29 - Changed cell[6][6] with integer 7
2020-11-08 20:29:55 INFO  ArbitrationThread:29 - Changed cell[4][4] with integer 5
2020-11-08 20:29:55 INFO  ArbitrationThread:29 - Changed cell[2][2] with integer 3
2020-11-08 20:29:55 INFO  ArbitrationThread:29 - Changed cell[7][7] with integer 8
2020-11-08 20:29:55 INFO  ArbitrationThread:29 - Changed cell[3][3] with integer 4
2020-11-08 20:29:55 INFO  ArbitrationThread:29 - Changed cell[1][1] with integer 2
2020-11-08 20:29:55 INFO  ArbitrationThread:29 - Changed cell[0][0] with integer 1
2020-11-08 20:29:56 INFO  ArbitrationThread:29 - Changed cell[9][9] with integer 9
2020-11-08 20:29:56 INFO  ArbitrationThread:29 - Changed cell[10][10] with integer 5
2020-11-08 20:29:56 INFO  ArbitrationThread:29 - Changed cell[12][12] with integer 6
2020-11-08 20:29:56 INFO  ArbitrationThread:29 - Changed cell[11][11] with integer 7
2020-11-08 20:29:56 INFO  ArbitrationThread:29 - Changed cell[13][13] with integer 8
2020-11-08 20:29:56 INFO  ArbitrationThread:29 - Changed cell[14][14] with integer 3
2020-11-08 20:36:20 INFO  ChangeLocaleCommand:32 - Changed to locale EN_US
2020-11-08 20:36:25 INFO  LockFillThread:33 - Changed cell[0][0] with integer 1
2020-11-08 20:36:26 INFO  LockFillThread:33 - Changed cell[1][1] with integer 9
2020-11-08 20:36:27 INFO  LockFillThread:33 - Changed cell[2][2] with integer 7
2020-11-08 20:36:28 INFO  LockFillThread:33 - Changed cell[3][3] with integer 7
2020-11-08 20:36:29 INFO  LockFillThread:33 - Changed cell[4][4] with integer 6
2020-11-08 20:36:30 INFO  LockFillThread:33 - Changed cell[5][5] with integer 6
2020-11-08 20:36:31 INFO  LockFillThread:33 - Changed cell[6][6] with integer 6
2020-11-08 20:36:32 INFO  LockFillThread:33 - Changed cell[7][7] with integer 2
2020-11-08 20:36:33 INFO  LockFillThread:33 - Changed cell[8][8] with integer 2
2020-11-08 20:36:34 INFO  LockFillThread:33 - Changed cell[9][9] with integer 8
2020-11-08 20:36:35 INFO  LockFillThread:33 - Changed cell[10][10] with integer 7
2020-11-08 20:36:36 INFO  LockFillThread:33 - Changed cell[11][11] with integer 7
2020-11-08 20:36:37 INFO  LockFillThread:33 - Changed cell[12][12] with integer 7
2020-11-08 20:36:38 INFO  LockFillThread:33 - Changed cell[13][13] with integer 1
2020-11-08 20:36:39 INFO  LockFillThread:33 - Changed cell[14][14] with integer 1
